-------------
Duky
Amity
Elena
Lynn
Valentijn
-------------
Paddy|Abrehart
Alina|Adanez
Tawsha|Alberts
Bax|Aldrin
Karoline|Allmann
Garold|Apted
Ivett|Aristide
Waylin|Assel
Hayward|Autrie
Howey|Bantock
Shandra|Beadon
Linea|Beesey
Konstantin|Birds
Ariella|Birt
Husain|Booth
Meir|Brake
Ian|Bretherick
Renee|Brobyn
Linn|Brodley
Piotr|Brydie
Philippa|Canfield
Denis|Caplen
Sorcha|Casewell
Royal|Cass
Deny|Chattock
Jeffry|Christopherson
Larina|Coate
Tally|Cobbald
Aretha|Cosgrive
Wolfy|Courson
Maurise|Crick
Zulema|Cringle
Judith|Crucetti
Robinet|Culross
Woodman|Cumbes
Byrann|Darmody
Mateo|Davioud
Tymothy|Demetr
Livvie|Dible
Woodrow|Dod
Jill|Domenico
Berne|Dougal
Olvan|Ducker
Eward|Eason
Osborne|Easson
Emmery|Edgeley
Audrye|Epperson
Chelsy|Everex
Octavia|Faichnie
Irving|Feveryear
Sarine|Ghion
Marylinda|Girdlestone
Lilyan|Goodbairn
Paddie|Goucher
Raf|Gowrich
Joshua|Greally
Jo-ann|Grieve
Katlin|Griffey
Cinderella|Guilder
Isador|Guitton
Virgilio|Guly
Mariquilla|Gwyllt
Karina|Habert
Margareta|Hammerstone
Barbi|Haston
Kizzie|Hawkin
Law|Hurt
Elga|Iacovielli
Tabor|Illesley
Irvin|Ilyenko
Grenville|Instone
Freddy|Jakeman
Silvain|Jinkin
Flori|Jirasek
Aaren|Joscelyne
Filbert|Josovitz
Hank|Keenan
Tyrone|Kelleher
Cristina|King
Markus|Klesel
Denis|Knight
Ania|Knottley
Cornie|Knowlton
Mohandas|Lage
Richmond|Laste
Tatiana|Leaf
Wittie|Lemon
Emmalynn|Leven
Becky|Lidbetter
Moses|Loveland
Carlos|Lupton
Pierette|Lyston
Basia|Lytlle
Eric|M'cowis
Gradey|Manklow
Nikolaos|Mathys
Vicky|Matitiaho
Fayre|Mayte
Felipa|McCraine
Rad|McLaggan
Luci|McPhelimey
Robena|Micallef
Calv|Naerup
Carena|Nibley
Corbet|Niess
Elli|O'Currigan
Noella|O'Hickee
Inglis|Pedron
Zorina|Pencott
Kahaleel|Pershouse
Beverlee|Phare
Mildrid|Podd
Reuben|Pugsley
Graig|Raden
Clementina|Rany
Oswald|Rathbourne
Alvis|Ratledge
Goober|Reding
Zach|Renner
Walsh|Ricarde
Anthe|Ritter
Heindrick|Robion
Tamarah|Rockhill
Stanwood|Rolfs
Oswell|Ruckert
Jabez|Servante
Justino|Shearmur
Saxon|Simonini
Eveline|Skeermor
Pattie|Skoyles
Duky|Slocket
Lambert|Snelle
Cristi|Spickett
Magdalena|Spires
Thedric|Stagge
Alameda|Stains
Desirae|Steely
Sasha|Stickley
Eal|Swoffer
Ilyse|Symper
Juliann|Taft
Jason|Teanby
Babbette|Timberlake
Kerstin|Tolefree
Jennica|Totman
Zared|Towers
Rubin|Treppas
Sheffield|Tullis
Krissy|Urrey
Krystle|Varah
Avrom|Veeler
Demetria|Venner
Hans|Waith
Julienne|Wearne
Frankie|Wewell
Gustavo|Wiffen
Gabi|Wilber
Huey|Worner
Vin|Zuanazzi
-------------
Tawsha|Alberts
Karoline|Allmann
Linette|Amis
Karalynn|Boniface
Kristien|Broschek
Philippa|Canfield
Avis|Castenda
Keelia|Cawcutt
Mikaela|Chown
Larina|Coate
Delilah|Cockshot
Karin|Cowling
Kendre|Dewan
Hadria|Dripps
Caryl|Dunbavin
Hedvig|Edelmann
Gray|Flores
Lurleen|Fosberry
Trista|Goadbie
Helen-elizabeth|Goff
Hazel|Gotmann
Jo-ann|Grieve
Daria|Hamsher
Trudie|Haucke
Kizzie|Hawkin
Marlena|Hearnshaw
Caroljean|Hector
Elsey|Hollyman
Ferdinande|Huffa
Elga|Iacovielli
Charmain|Ilbert
Linet|Jacquemy
Milicent|Joselevitz
Lyndsay|Kieran
Brita|Kiff
Corri|Klement
Carmencita|Kohen
Janina|Lansdowne
Chiarra|Larkings
Tracey|Leydon
Rozina|Lindblad
Danielle|Lucken
Midge|MacFaell
Demetris|Makepeace
Katey|Manilove
Geraldine|Martins
Sunny|McAllister
Felipa|McCraine
Sophi|McTrustrie
Robena|Micallef
Lois|Muggleston
Kim|Murton
Anne-marie|O'Flannery
Suzanne|Peers
Claudette|Poor
Florentia|Priditt
Gwendolyn|Ramalhete
Jaimie|Revance
Tamarah|Rockhill
Clemmie|Safell
Deeann|Schriren
Jennica|Slader
Carmela|Sonley
Martynne|Staynes
Georgianne|Thrasher
Persis|Tiddeman
Babbette|Timberlake
Jennica|Totman
Talyah|Trubshawe
Aryn|Truckett
Lorelei|Twinterman
Lena|Tyndall
Krissy|Urrey
Lizbeth|Van der Baaren
Lise|Venner
Nicolle|Vosse
Kathrine|Wanne
Annora|Wegenen
Gretel|Wethered
Chiquia|Whiten
-------------
Luci|McPhelimey
Kahaleel|Pershouse
Duky|Slocket
Moses|Loveland
Thedric|Stagge
Nikolaos|Mathys
Joshua|Greally
Reuben|Pugsley
Desirae|Steely
Corbet|Niess
Cristi|Spickett
Zorina|Pencott
Tawsha|Alberts
Alameda|Stains
Stanwood|Rolfs
Noella|O'Hickee
Graig|Raden
Lilyan|Goodbairn
Vicky|Matitiaho
Hans|Waith
Rad|McLaggan
Piotr|Brydie
Jill|Domenico
Saxon|Simonini
Felipa|McCraine
Woodrow|Dod
Irving|Feveryear
Cinderella|Guilder
Clementina|Rany
Meir|Brake
Mariquilla|Gwyllt
Krystle|Varah
Audrye|Epperson
Tyrone|Kelleher
Gustavo|Wiffen
Philippa|Canfield
Irvin|Ilyenko
Barbi|Haston
Woodman|Cumbes
Kizzie|Hawkin
Heindrick|Robion
Garold|Apted
Eveline|Skeermor
Margareta|Hammerstone
Freddy|Jakeman
Robena|Micallef
Vin|Zuanazzi
Ania|Knottley
Jennica|Totman
Gradey|Manklow
Becky|Lidbetter
Octavia|Faichnie
Jo-ann|Grieve
Magdalena|Spires
Tatiana|Leaf
Elli|O'Currigan
Aaren|Joscelyne
Karoline|Allmann
-------------
Josephine
-------------
@is.gd
@msn.com
@amazon.com
@dyndns.org
@email.com
@email.com
@email.com
@email.com
@email.com
@email.com
-------------
0
changes: 0   total_changes: 0
14
changes: 0   total_changes: 0
changes: 0   total_changes: 0
0
changes: 0   total_changes: 0
14
changes: 0   total_changes: 0
-------------
18
changes: 0   total_changes: 0
changes: 42   total_changes: 42
18
changes: 42   total_changes: 42
-------------
changes: 0   total_changes: 42
-------------
changes: 1   total_changes: 43
-------------
